{"C:/Users/JIDE/Documents/projects/MyDiary/app.js": {"path":"C:/Users/JIDE/Documents/projects/MyDiary/app.js","statementMap":{"0":{"start":{"line":1,"column":0},"end":{"line":null,"column":-1}},"1":{"start":{"line":2,"column":0},"end":{"line":null,"column":-1}},"2":{"start":{"line":3,"column":0},"end":{"line":null,"column":-1}},"3":{"start":{"line":4,"column":0},"end":{"line":null,"column":-1}},"4":{"start":{"line":5,"column":0},"end":{"line":null,"column":-1}},"5":{"start":{"line":7,"column":12},"end":{"line":7,"column":0}},"6":{"start":{"line":8,"column":0},"end":{"line":null,"column":-1}},"7":{"start":{"line":9,"column":0},"end":{"line":null,"column":-1}},"8":{"start":{"line":10,"column":0},"end":{"line":null,"column":-1}},"9":{"start":{"line":12,"column":0},"end":{"line":null,"column":-1}},"10":{"start":{"line":13,"column":0},"end":{"line":null,"column":-1}},"11":{"start":{"line":15,"column":0},"end":{"line":null,"column":-1}},"12":{"start":{"line":15,"column":13},"end":{"line":null,"column":-1}}},"fnMap":{"0":{"name":"(anonymous_1)","decl":{"start":{"line":15,"column":13},"end":{"line":15,"column":13}},"loc":{"start":{"line":15,"column":13},"end":{"line":15,"column":0}}}},"branchMap":{},"s":{"0":1,"1":1,"2":1,"3":1,"4":1,"5":1,"6":1,"7":1,"8":1,"9":1,"10":1,"11":1,"12":0},"f":{"0":0},"b":{}}
,"C:/Users/JIDE/Documents/projects/MyDiary/bin/www.js": {"path":"C:/Users/JIDE/Documents/projects/MyDiary/bin/www.js","statementMap":{"0":{"start":{"line":1,"column":0},"end":{"line":null,"column":-1}},"1":{"start":{"line":2,"column":0},"end":{"line":null,"column":-1}},"2":{"start":{"line":3,"column":0},"end":{"line":null,"column":-1}},"3":{"start":{"line":5,"column":0},"end":{"line":null,"column":-1}},"4":{"start":{"line":10,"column":13},"end":{"line":10,"column":0}},"5":{"start":{"line":11,"column":0},"end":{"line":null,"column":-1}},"6":{"start":{"line":13,"column":15},"end":{"line":13,"column":0}},"7":{"start":{"line":14,"column":0},"end":{"line":null,"column":-1}}},"fnMap":{},"branchMap":{},"s":{"0":1,"1":1,"2":1,"3":1,"4":1,"5":1,"6":1,"7":1},"f":{},"b":{}}
,"C:/Users/JIDE/Documents/projects/MyDiary/controller/entryController.js": {"path":"C:/Users/JIDE/Documents/projects/MyDiary/controller/entryController.js","statementMap":{"0":{"start":{"line":1,"column":0},"end":{"line":null,"column":-1}},"1":{"start":{"line":7,"column":4},"end":{"line":20,"column":1}},"2":{"start":{"line":9,"column":6},"end":{"line":null,"column":-1}},"3":{"start":{"line":14,"column":7},"end":{"line":20,"column":1}},"4":{"start":{"line":16,"column":6},"end":{"line":null,"column":-1}},"5":{"start":{"line":22,"column":0},"end":{"line":null,"column":-1}},"6":{"start":{"line":31,"column":16},"end":{"line":31,"column":2}},"7":{"start":{"line":32,"column":9},"end":{"line":null,"column":-1}},"8":{"start":{"line":33,"column":2},"end":{"line":39,"column":1}},"9":{"start":{"line":35,"column":4},"end":{"line":null,"column":-1}},"10":{"start":{"line":41,"column":0},"end":{"line":null,"column":-1}},"11":{"start":{"line":50,"column":2},"end":{"line":57,"column":1}},"12":{"start":{"line":52,"column":4},"end":{"line":null,"column":-1}},"13":{"start":{"line":58,"column":17},"end":{"line":58,"column":2}},"14":{"start":{"line":59,"column":13},"end":{"line":59,"column":2}},"15":{"start":{"line":60,"column":20},"end":{"line":60,"column":2}},"16":{"start":{"line":61,"column":2},"end":{"line":null,"column":-1}},"17":{"start":{"line":68,"column":0},"end":{"line":null,"column":-1}},"18":{"start":{"line":80,"column":16},"end":{"line":80,"column":2}},"19":{"start":{"line":81,"column":9},"end":{"line":null,"column":-1}},"20":{"start":{"line":82,"column":2},"end":{"line":86,"column":1}},"21":{"start":{"line":84,"column":4},"end":{"line":null,"column":-1}},"22":{"start":{"line":87,"column":2},"end":{"line":91,"column":1}},"23":{"start":{"line":89,"column":4},"end":{"line":null,"column":-1}},"24":{"start":{"line":92,"column":16},"end":{"line":92,"column":2}},"25":{"start":{"line":93,"column":12},"end":{"line":null,"column":-1}},"26":{"start":{"line":94,"column":2},"end":{"line":108,"column":1}},"27":{"start":{"line":96,"column":4},"end":{"line":null,"column":-1}},"28":{"start":{"line":103,"column":0},"end":{"line":null,"column":-1}},"29":{"start":{"line":110,"column":0},"end":{"line":null,"column":-1}},"30":{"start":{"line":119,"column":16},"end":{"line":119,"column":2}},"31":{"start":{"line":120,"column":9},"end":{"line":null,"column":-1}},"32":{"start":{"line":121,"column":16},"end":{"line":121,"column":2}},"33":{"start":{"line":122,"column":12},"end":{"line":null,"column":-1}},"34":{"start":{"line":123,"column":2},"end":{"line":132,"column":1}},"35":{"start":{"line":125,"column":4},"end":{"line":null,"column":-1}},"36":{"start":{"line":127,"column":0},"end":{"line":null,"column":-1}},"37":{"start":{"line":134,"column":0},"end":{"line":null,"column":-1}}},"fnMap":{"0":{"name":"(anonymous_9)","decl":{"start":{"line":32,"column":9},"end":{"line":32,"column":9}},"loc":{"start":{"line":32,"column":9},"end":{"line":31,"column":16}}},"1":{"name":"(anonymous_12)","decl":{"start":{"line":81,"column":9},"end":{"line":81,"column":9}},"loc":{"start":{"line":81,"column":9},"end":{"line":80,"column":16}}},"2":{"name":"(anonymous_13)","decl":{"start":{"line":93,"column":12},"end":{"line":93,"column":12}},"loc":{"start":{"line":93,"column":12},"end":{"line":92,"column":16}}},"3":{"name":"(anonymous_15)","decl":{"start":{"line":120,"column":9},"end":{"line":120,"column":9}},"loc":{"start":{"line":120,"column":9},"end":{"line":119,"column":16}}},"4":{"name":"(anonymous_16)","decl":{"start":{"line":122,"column":12},"end":{"line":122,"column":12}},"loc":{"start":{"line":122,"column":12},"end":{"line":121,"column":16}}}},"branchMap":{"0":{"loc":{"start":{"line":7,"column":4},"end":{"line":20,"column":1}},"type":"if","locations":[{"start":{"line":7,"column":4},"end":{"line":20,"column":1}},{"start":{"line":7,"column":4},"end":{"line":20,"column":1}}]},"1":{"loc":{"start":{"line":14,"column":7},"end":{"line":20,"column":1}},"type":"if","locations":[{"start":{"line":14,"column":7},"end":{"line":20,"column":1}},{"start":{"line":14,"column":7},"end":{"line":20,"column":1}}]},"2":{"loc":{"start":{"line":33,"column":2},"end":{"line":39,"column":1}},"type":"if","locations":[{"start":{"line":33,"column":2},"end":{"line":39,"column":1}},{"start":{"line":33,"column":2},"end":{"line":39,"column":1}}]},"3":{"loc":{"start":{"line":50,"column":2},"end":{"line":57,"column":1}},"type":"if","locations":[{"start":{"line":50,"column":2},"end":{"line":57,"column":1}},{"start":{"line":50,"column":2},"end":{"line":57,"column":1}}]},"4":{"loc":{"start":{"line":50,"column":6},"end":{"line":50,"column":5}},"type":"binary-expr","locations":[{"start":{"line":50,"column":6},"end":{"line":50,"column":5}},{"start":{"line":50,"column":38},"end":{"line":50,"column":2}}]},"5":{"loc":{"start":{"line":82,"column":2},"end":{"line":86,"column":1}},"type":"if","locations":[{"start":{"line":82,"column":2},"end":{"line":86,"column":1}},{"start":{"line":82,"column":2},"end":{"line":86,"column":1}}]},"6":{"loc":{"start":{"line":87,"column":2},"end":{"line":91,"column":1}},"type":"if","locations":[{"start":{"line":87,"column":2},"end":{"line":91,"column":1}},{"start":{"line":87,"column":2},"end":{"line":91,"column":1}}]},"7":{"loc":{"start":{"line":94,"column":2},"end":{"line":108,"column":1}},"type":"if","locations":[{"start":{"line":94,"column":2},"end":{"line":108,"column":1}},{"start":{"line":94,"column":2},"end":{"line":108,"column":1}}]},"8":{"loc":{"start":{"line":123,"column":2},"end":{"line":132,"column":1}},"type":"if","locations":[{"start":{"line":123,"column":2},"end":{"line":132,"column":1}},{"start":{"line":123,"column":2},"end":{"line":132,"column":1}}]}},"s":{"0":1,"1":1,"2":0,"3":1,"4":1,"5":0,"6":2,"7":6,"8":2,"9":1,"10":1,"11":4,"12":3,"13":1,"14":1,"15":1,"16":1,"17":1,"18":2,"19":8,"20":2,"21":1,"22":2,"23":1,"24":2,"25":5,"26":2,"27":1,"28":1,"29":1,"30":2,"31":7,"32":2,"33":4,"34":2,"35":1,"36":1,"37":1},"f":{"0":6,"1":8,"2":5,"3":7,"4":4},"b":{"0":[0,1],"1":[1,0],"2":[1,1],"3":[3,1],"4":[4,2],"5":[1,1],"6":[1,1],"7":[1,1],"8":[1,1]}}
,"C:/Users/JIDE/Documents/projects/MyDiary/controller/timeSettingController.js": {"path":"C:/Users/JIDE/Documents/projects/MyDiary/controller/timeSettingController.js","statementMap":{"0":{"start":{"line":1,"column":0},"end":{"line":null,"column":-1}},"1":{"start":{"line":7,"column":19},"end":{"line":7,"column":8}},"2":{"start":{"line":8,"column":21},"end":{"line":8,"column":8}},"3":{"start":{"line":8,"column":38},"end":{"line":null,"column":-1}},"4":{"start":{"line":9,"column":8},"end":{"line":15,"column":5}},"5":{"start":{"line":11,"column":10},"end":{"line":null,"column":-1}},"6":{"start":{"line":17,"column":10},"end":{"line":null,"column":-1}},"7":{"start":{"line":26,"column":21},"end":{"line":26,"column":8}},"8":{"start":{"line":27,"column":15},"end":{"line":null,"column":-1}},"9":{"start":{"line":28,"column":8},"end":{"line":32,"column":5}},"10":{"start":{"line":30,"column":10},"end":{"line":null,"column":-1}},"11":{"start":{"line":33,"column":22},"end":{"line":33,"column":8}},"12":{"start":{"line":34,"column":18},"end":{"line":null,"column":-1}},"13":{"start":{"line":35,"column":8},"end":{"line":51,"column":5}},"14":{"start":{"line":37,"column":10},"end":{"line":null,"column":-1}},"15":{"start":{"line":46,"column":4},"end":{"line":null,"column":-1}},"16":{"start":{"line":53,"column":4},"end":{"line":null,"column":-1}}},"fnMap":{"0":{"name":"(anonymous_8)","decl":{"start":{"line":8,"column":38},"end":{"line":8,"column":38}},"loc":{"start":{"line":8,"column":38},"end":{"line":8,"column":21}}},"1":{"name":"(anonymous_10)","decl":{"start":{"line":27,"column":15},"end":{"line":27,"column":15}},"loc":{"start":{"line":27,"column":15},"end":{"line":26,"column":21}}},"2":{"name":"(anonymous_11)","decl":{"start":{"line":34,"column":18},"end":{"line":34,"column":18}},"loc":{"start":{"line":34,"column":18},"end":{"line":33,"column":22}}}},"branchMap":{"0":{"loc":{"start":{"line":9,"column":8},"end":{"line":15,"column":5}},"type":"if","locations":[{"start":{"line":9,"column":8},"end":{"line":15,"column":5}},{"start":{"line":9,"column":8},"end":{"line":15,"column":5}}]},"1":{"loc":{"start":{"line":28,"column":8},"end":{"line":32,"column":5}},"type":"if","locations":[{"start":{"line":28,"column":8},"end":{"line":32,"column":5}},{"start":{"line":28,"column":8},"end":{"line":32,"column":5}}]},"2":{"loc":{"start":{"line":35,"column":8},"end":{"line":51,"column":5}},"type":"if","locations":[{"start":{"line":35,"column":8},"end":{"line":51,"column":5}},{"start":{"line":35,"column":8},"end":{"line":51,"column":5}}]}},"s":{"0":1,"1":2,"2":2,"3":4,"4":2,"5":1,"6":1,"7":2,"8":4,"9":2,"10":0,"11":2,"12":3,"13":2,"14":1,"15":1,"16":1},"f":{"0":4,"1":4,"2":3},"b":{"0":[1,1],"1":[0,2],"2":[1,1]}}
,"C:/Users/JIDE/Documents/projects/MyDiary/model/entryModel.js": {"path":"C:/Users/JIDE/Documents/projects/MyDiary/model/entryModel.js","statementMap":{"0":{"start":{"line":1,"column":19},"end":{"line":1,"column":0}}},"fnMap":{},"branchMap":{},"s":{"0":1},"f":{},"b":{}}
,"C:/Users/JIDE/Documents/projects/MyDiary/model/userModel.js": {"path":"C:/Users/JIDE/Documents/projects/MyDiary/model/userModel.js","statementMap":{"0":{"start":{"line":1,"column":18},"end":{"line":1,"column":0}}},"fnMap":{},"branchMap":{},"s":{"0":1},"f":{},"b":{}}
,"C:/Users/JIDE/Documents/projects/MyDiary/routes/entryRoute.js": {"path":"C:/Users/JIDE/Documents/projects/MyDiary/routes/entryRoute.js","statementMap":{"0":{"start":{"line":1,"column":0},"end":{"line":null,"column":-1}},"1":{"start":{"line":5,"column":2},"end":{"line":null,"column":-1}},"2":{"start":{"line":6,"column":2},"end":{"line":null,"column":-1}},"3":{"start":{"line":7,"column":2},"end":{"line":null,"column":-1}},"4":{"start":{"line":8,"column":2},"end":{"line":null,"column":-1}},"5":{"start":{"line":9,"column":2},"end":{"line":null,"column":-1}}},"fnMap":{},"branchMap":{},"s":{"0":1,"1":1,"2":1,"3":1,"4":1,"5":1},"f":{},"b":{}}
,"C:/Users/JIDE/Documents/projects/MyDiary/routes/timeSettingRoute.js": {"path":"C:/Users/JIDE/Documents/projects/MyDiary/routes/timeSettingRoute.js","statementMap":{"0":{"start":{"line":1,"column":0},"end":{"line":null,"column":-1}},"1":{"start":{"line":5,"column":2},"end":{"line":null,"column":-1}},"2":{"start":{"line":6,"column":2},"end":{"line":null,"column":-1}}},"fnMap":{},"branchMap":{},"s":{"0":1,"1":1,"2":1},"f":{},"b":{}}
}
