TN:
SF:C:/Users/JIDE/Documents/projects/MyDiary/app.js
FN:17,(anonymous_1)
FN:25,(anonymous_2)
FN:36,(anonymous_3)
FNF:3
FNH:2
FNDA:0,(anonymous_1)
FNDA:10,(anonymous_2)
FNDA:9,(anonymous_3)
DA:1,1
DA:2,1
DA:3,1
DA:4,1
DA:5,1
DA:6,1
DA:7,1
DA:9,1
DA:10,1
DA:12,1
DA:13,1
DA:14,1
DA:15,1
DA:17,1
DA:21,1
DA:25,1
DA:26,10
DA:27,10
DA:28,10
DA:31,0
DA:35,10
DA:36,9
DA:37,9
DA:38,1
DA:41,8
DA:42,8
DA:49,1
DA:57,1
DA:58,1
LF:29
LH:28
BRDA:27,0,0,10
BRDA:27,0,1,0
BRDA:35,1,0,9
BRDA:35,1,1,1
BRDA:37,2,0,1
BRDA:37,2,1,8
BRF:6
BRH:5
end_of_record
TN:
SF:C:/Users/JIDE/Documents/projects/MyDiary/bin/www.js
FNF:0
FNH:0
DA:1,1
DA:2,1
DA:3,1
DA:5,1
DA:8,1
DA:10,1
DA:12,1
DA:13,1
DA:14,1
LF:9
LH:9
BRDA:8,0,0,1
BRDA:8,0,1,1
BRF:2
BRH:2
end_of_record
TN:
SF:C:/Users/JIDE/Documents/projects/MyDiary/controller/authController.js
FN:12,(anonymous_8)
FN:14,(anonymous_9)
FN:15,(anonymous_10)
FN:19,(anonymous_11)
FN:21,(anonymous_12)
FN:34,(anonymous_13)
FN:53,(anonymous_15)
FN:54,(anonymous_16)
FN:56,(anonymous_17)
FNF:9
FNH:8
FNDA:2,(anonymous_8)
FNDA:1,(anonymous_9)
FNDA:1,(anonymous_10)
FNDA:1,(anonymous_11)
FNDA:1,(anonymous_12)
FNDA:0,(anonymous_13)
FNDA:3,(anonymous_15)
FNDA:3,(anonymous_16)
FNDA:2,(anonymous_17)
DA:1,1
DA:2,1
DA:3,1
DA:5,1
DA:6,1
DA:11,2
DA:13,2
DA:14,1
DA:15,1
DA:16,1
DA:20,1
DA:22,1
DA:24,1
DA:28,1
DA:40,1
DA:52,3
DA:54,3
DA:55,3
DA:56,2
DA:57,2
DA:58,1
DA:59,1
DA:61,1
DA:62,1
DA:68,1
DA:75,1
LF:26
LH:26
BRDA:13,0,0,1
BRDA:13,0,1,1
BRDA:55,1,0,2
BRDA:55,1,1,1
BRDA:57,2,0,1
BRDA:57,2,1,1
BRF:6
BRH:6
end_of_record
TN:
SF:C:/Users/JIDE/Documents/projects/MyDiary/controller/entryController.js
FN:7,(anonymous_8)
FN:15,(anonymous_9)
FN:22,(anonymous_11)
FN:30,(anonymous_12)
FN:41,(anonymous_14)
FN:48,(anonymous_15)
FN:58,(anonymous_17)
FN:65,(anonymous_18)
FN:73,(anonymous_20)
FN:80,(anonymous_21)
FNF:10
FNH:5
FNDA:1,(anonymous_8)
FNDA:0,(anonymous_9)
FNDA:1,(anonymous_11)
FNDA:0,(anonymous_12)
FNDA:1,(anonymous_14)
FNDA:0,(anonymous_15)
FNDA:1,(anonymous_17)
FNDA:0,(anonymous_18)
FNDA:1,(anonymous_20)
FNDA:0,(anonymous_21)
DA:1,1
DA:6,1
DA:8,1
DA:21,1
DA:23,1
DA:38,1
DA:42,1
DA:56,1
DA:59,1
DA:71,1
DA:74,1
LF:11
LH:11
BRF:0
BRH:0
end_of_record
TN:
SF:C:/Users/JIDE/Documents/projects/MyDiary/controller/userController.js
FN:7,(anonymous_8)
FN:15,(anonymous_9)
FN:23,(anonymous_11)
FN:30,(anonymous_12)
FN:38,(anonymous_14)
FN:45,(anonymous_15)
FNF:6
FNH:3
FNDA:1,(anonymous_8)
FNDA:0,(anonymous_9)
FNDA:1,(anonymous_11)
FNDA:0,(anonymous_12)
FNDA:1,(anonymous_14)
FNDA:0,(anonymous_15)
DA:1,1
DA:6,1
DA:8,1
DA:21,1
DA:24,1
DA:36,1
DA:39,1
LF:7
LH:7
BRF:0
BRH:0
end_of_record
TN:
SF:C:/Users/JIDE/Documents/projects/MyDiary/db/index.js
FNF:0
FNH:0
DA:1,1
DA:2,1
DA:4,1
DA:6,1
DA:10,1
DA:12,1
DA:13,1
DA:14,1
DA:17,0
LF:9
LH:8
BRDA:13,0,0,1
BRDA:13,0,1,0
BRF:2
BRH:1
end_of_record
TN:
SF:C:/Users/JIDE/Documents/projects/MyDiary/routes/authRoute.js
FNF:0
FNH:0
DA:1,1
DA:2,1
DA:4,1
DA:7,1
DA:9,1
LF:5
LH:5
BRF:0
BRH:0
end_of_record
TN:
SF:C:/Users/JIDE/Documents/projects/MyDiary/routes/entryRoute.js
FNF:0
FNH:0
DA:1,1
DA:2,1
DA:4,1
DA:8,1
DA:9,1
DA:10,1
DA:11,1
DA:12,1
LF:8
LH:8
BRF:0
BRH:0
end_of_record
TN:
SF:C:/Users/JIDE/Documents/projects/MyDiary/routes/userRoute.js
FNF:0
FNH:0
DA:1,1
DA:2,1
DA:4,1
DA:8,1
DA:9,1
DA:10,1
LF:6
LH:6
BRF:0
BRH:0
end_of_record
TN:
SF:C:/Users/JIDE/Documents/projects/MyDiary/validator/middleware.js
FN:21,(anonymous_2)
FN:34,(anonymous_3)
FN:45,(anonymous_4)
FNF:3
FNH:2
FNDA:9,(anonymous_2)
FNDA:7,(anonymous_3)
FNDA:0,(anonymous_4)
DA:1,1
DA:2,1
DA:3,1
DA:5,3
DA:8,3
DA:11,3
DA:14,3
DA:21,3
DA:23,9
DA:24,9
DA:26,9
DA:29,7
DA:31,7
DA:34,7
DA:36,7
DA:39,0
DA:45,0
DA:53,0
DA:59,0
DA:63,7
DA:64,7
DA:72,2
LF:22
LH:18
BRDA:5,0,0,3
BRDA:5,0,1,0
BRDA:5,1,0,3
BRDA:5,1,1,3
BRDA:8,2,0,3
BRDA:8,2,1,3
BRDA:26,3,0,7
BRDA:26,3,1,2
BRDA:26,4,0,9
BRDA:26,4,1,9
BRDA:31,5,0,7
BRDA:31,5,1,0
BRDA:36,6,0,0
BRDA:36,6,1,7
BRDA:59,7,0,0
BRDA:59,7,1,0
BRF:16
BRH:11
end_of_record
TN:
SF:C:/Users/JIDE/Documents/projects/MyDiary/validator/schema.js
FNF:0
FNH:0
DA:1,1
DA:3,1
DA:8,1
DA:11,1
DA:17,1
DA:21,1
DA:24,1
LF:7
LH:7
BRF:0
BRH:0
end_of_record
