TN:
SF:C:/Users/JIDE/Documents/projects/MyDiary/app.js
FN:15,(anonymous_1)
FNF:1
FNH:0
FNDA:0,(anonymous_1)
DA:1,1
DA:2,1
DA:3,1
DA:4,1
DA:5,1
DA:7,1
DA:8,1
DA:9,1
DA:10,1
DA:12,1
DA:13,1
DA:15,1
LF:12
LH:12
BRF:0
BRH:0
end_of_record
TN:
SF:C:/Users/JIDE/Documents/projects/MyDiary/bin/www.js
FNF:0
FNH:0
DA:1,1
DA:2,1
DA:3,1
DA:5,1
DA:10,1
DA:11,1
DA:13,1
DA:14,1
LF:8
LH:8
BRF:0
BRH:0
end_of_record
TN:
SF:C:/Users/JIDE/Documents/projects/MyDiary/controller/entryController.js
FN:32,(anonymous_9)
FN:81,(anonymous_12)
FN:93,(anonymous_13)
FN:120,(anonymous_15)
FN:122,(anonymous_16)
FNF:5
FNH:5
FNDA:6,(anonymous_9)
FNDA:8,(anonymous_12)
FNDA:5,(anonymous_13)
FNDA:7,(anonymous_15)
FNDA:4,(anonymous_16)
DA:1,1
DA:7,1
DA:9,0
DA:14,1
DA:16,1
DA:22,0
DA:31,2
DA:32,6
DA:33,2
DA:35,1
DA:41,1
DA:50,4
DA:52,3
DA:58,1
DA:59,1
DA:60,1
DA:61,1
DA:68,1
DA:80,2
DA:81,8
DA:82,2
DA:84,1
DA:87,2
DA:89,1
DA:92,2
DA:93,5
DA:94,2
DA:96,1
DA:103,1
DA:110,1
DA:119,2
DA:120,7
DA:121,2
DA:122,4
DA:123,2
DA:125,1
DA:127,1
DA:134,1
LF:38
LH:36
BRDA:7,0,0,0
BRDA:7,0,1,1
BRDA:14,1,0,1
BRDA:14,1,1,0
BRDA:33,2,0,1
BRDA:33,2,1,1
BRDA:50,3,0,3
BRDA:50,3,1,1
BRDA:50,4,0,4
BRDA:50,4,1,2
BRDA:82,5,0,1
BRDA:82,5,1,1
BRDA:87,6,0,1
BRDA:87,6,1,1
BRDA:94,7,0,1
BRDA:94,7,1,1
BRDA:123,8,0,1
BRDA:123,8,1,1
BRF:18
BRH:16
end_of_record
TN:
SF:C:/Users/JIDE/Documents/projects/MyDiary/controller/timeSettingController.js
FN:8,(anonymous_8)
FN:27,(anonymous_10)
FN:34,(anonymous_11)
FNF:3
FNH:3
FNDA:4,(anonymous_8)
FNDA:4,(anonymous_10)
FNDA:3,(anonymous_11)
DA:1,1
DA:7,2
DA:8,4
DA:9,2
DA:11,1
DA:17,1
DA:26,2
DA:27,4
DA:28,2
DA:30,0
DA:33,2
DA:34,3
DA:35,2
DA:37,1
DA:46,1
DA:53,1
LF:16
LH:15
BRDA:9,0,0,1
BRDA:9,0,1,1
BRDA:28,1,0,0
BRDA:28,1,1,2
BRDA:35,2,0,1
BRDA:35,2,1,1
BRF:6
BRH:5
end_of_record
TN:
SF:C:/Users/JIDE/Documents/projects/MyDiary/model/entryModel.js
FNF:0
FNH:0
DA:1,1
LF:1
LH:1
BRF:0
BRH:0
end_of_record
TN:
SF:C:/Users/JIDE/Documents/projects/MyDiary/model/userModel.js
FNF:0
FNH:0
DA:1,1
LF:1
LH:1
BRF:0
BRH:0
end_of_record
TN:
SF:C:/Users/JIDE/Documents/projects/MyDiary/routes/entryRoute.js
FNF:0
FNH:0
DA:1,1
DA:5,1
DA:6,1
DA:7,1
DA:8,1
DA:9,1
LF:6
LH:6
BRF:0
BRH:0
end_of_record
TN:
SF:C:/Users/JIDE/Documents/projects/MyDiary/routes/timeSettingRoute.js
FNF:0
FNH:0
DA:1,1
DA:5,1
DA:6,1
LF:3
LH:3
BRF:0
BRH:0
end_of_record
